2019-04-14 10:48:06,632 ERROR 6384 [-/::1/-/5ms GET /] nodejs.Error: Please set config.keys first
    at Application.get keys [as keys] (/Users/shengli/shengli/study/examples/debug-egg/node_modules/egg/lib/application.js:257:15)
    at Object.get cookies [as cookies] (/Users/shengli/shengli/study/examples/debug-egg/node_modules/egg/app/extend/context.js:22:66)
    at Object.get [egg-security#CSRF_SECRET] (/Users/shengli/shengli/study/examples/debug-egg/node_modules/egg-security/app/extend/context.js:86:33)
    at Object.ensureCsrfSecret (/Users/shengli/shengli/study/examples/debug-egg/node_modules/egg-security/app/extend/context.js:97:13)
    at csrf (/Users/shengli/shengli/study/examples/debug-egg/node_modules/egg-security/lib/middlewares/csrf.js:14:9)
    at dispatch (/Users/shengli/shengli/study/examples/debug-egg/node_modules/egg-security/node_modules/koa-compose/index.js:42:32)
    at /Users/shengli/shengli/study/examples/debug-egg/node_modules/egg-security/node_modules/koa-compose/index.js:34:12
    at dispatch (/Users/shengli/shengli/study/examples/debug-egg/node_modules/koa/node_modules/koa-compose/index.js:42:32)
    at session (/Users/shengli/shengli/study/examples/debug-egg/node_modules/koa-session/index.js:41:13)
    at dispatch (/Users/shengli/shengli/study/examples/debug-egg/node_modules/koa/node_modules/koa-compose/index.js:42:32)

pid: 6384
hostname: ZhangShenglideMacBook-Pro.local

2019-04-14 10:49:43,961 ERROR 6384 [-/::1/-/1ms GET /] nodejs.Error: Please set config.keys first
    at Application.get keys [as keys] (/Users/shengli/shengli/study/examples/debug-egg/node_modules/egg/lib/application.js:257:15)
    at Object.get cookies [as cookies] (/Users/shengli/shengli/study/examples/debug-egg/node_modules/egg/app/extend/context.js:22:66)
    at Object.get [egg-security#CSRF_SECRET] (/Users/shengli/shengli/study/examples/debug-egg/node_modules/egg-security/app/extend/context.js:86:33)
    at Object.ensureCsrfSecret (/Users/shengli/shengli/study/examples/debug-egg/node_modules/egg-security/app/extend/context.js:97:13)
    at csrf (/Users/shengli/shengli/study/examples/debug-egg/node_modules/egg-security/lib/middlewares/csrf.js:14:9)
    at dispatch (/Users/shengli/shengli/study/examples/debug-egg/node_modules/egg-security/node_modules/koa-compose/index.js:42:32)
    at /Users/shengli/shengli/study/examples/debug-egg/node_modules/egg-security/node_modules/koa-compose/index.js:34:12
    at dispatch (/Users/shengli/shengli/study/examples/debug-egg/node_modules/koa/node_modules/koa-compose/index.js:42:32)
    at session (/Users/shengli/shengli/study/examples/debug-egg/node_modules/koa-session/index.js:41:13)
    at dispatch (/Users/shengli/shengli/study/examples/debug-egg/node_modules/koa/node_modules/koa-compose/index.js:42:32)

pid: 6384
hostname: ZhangShenglideMacBook-Pro.local

2019-04-14 10:49:46,843 ERROR 6528 [-/::1/-/5ms GET /] nodejs.Error: Please set config.keys first
    at Application.get keys [as keys] (/Users/shengli/shengli/study/examples/debug-egg/node_modules/egg/lib/application.js:257:15)
    at Object.get cookies [as cookies] (/Users/shengli/shengli/study/examples/debug-egg/node_modules/egg/app/extend/context.js:22:66)
    at Object.get [egg-security#CSRF_SECRET] (/Users/shengli/shengli/study/examples/debug-egg/node_modules/egg-security/app/extend/context.js:86:33)
    at Object.ensureCsrfSecret (/Users/shengli/shengli/study/examples/debug-egg/node_modules/egg-security/app/extend/context.js:97:13)
    at csrf (/Users/shengli/shengli/study/examples/debug-egg/node_modules/egg-security/lib/middlewares/csrf.js:14:9)
    at dispatch (/Users/shengli/shengli/study/examples/debug-egg/node_modules/egg-security/node_modules/koa-compose/index.js:42:32)
    at /Users/shengli/shengli/study/examples/debug-egg/node_modules/egg-security/node_modules/koa-compose/index.js:34:12
    at dispatch (/Users/shengli/shengli/study/examples/debug-egg/node_modules/koa/node_modules/koa-compose/index.js:42:32)
    at session (/Users/shengli/shengli/study/examples/debug-egg/node_modules/koa-session/index.js:41:13)
    at dispatch (/Users/shengli/shengli/study/examples/debug-egg/node_modules/koa/node_modules/koa-compose/index.js:42:32)

pid: 6528
hostname: ZhangShenglideMacBook-Pro.local

2019-04-14 10:49:48,341 ERROR 6528 [-/::1/-/1ms GET /] nodejs.Error: Please set config.keys first
    at Application.get keys [as keys] (/Users/shengli/shengli/study/examples/debug-egg/node_modules/egg/lib/application.js:257:15)
    at Object.get cookies [as cookies] (/Users/shengli/shengli/study/examples/debug-egg/node_modules/egg/app/extend/context.js:22:66)
    at Object.get [egg-security#CSRF_SECRET] (/Users/shengli/shengli/study/examples/debug-egg/node_modules/egg-security/app/extend/context.js:86:33)
    at Object.ensureCsrfSecret (/Users/shengli/shengli/study/examples/debug-egg/node_modules/egg-security/app/extend/context.js:97:13)
    at csrf (/Users/shengli/shengli/study/examples/debug-egg/node_modules/egg-security/lib/middlewares/csrf.js:14:9)
    at dispatch (/Users/shengli/shengli/study/examples/debug-egg/node_modules/egg-security/node_modules/koa-compose/index.js:42:32)
    at /Users/shengli/shengli/study/examples/debug-egg/node_modules/egg-security/node_modules/koa-compose/index.js:34:12
    at dispatch (/Users/shengli/shengli/study/examples/debug-egg/node_modules/koa/node_modules/koa-compose/index.js:42:32)
    at session (/Users/shengli/shengli/study/examples/debug-egg/node_modules/koa-session/index.js:41:13)
    at dispatch (/Users/shengli/shengli/study/examples/debug-egg/node_modules/koa/node_modules/koa-compose/index.js:42:32)

pid: 6528
hostname: ZhangShenglideMacBook-Pro.local

2019-04-14 10:50:14,253 ERROR 6571 [-/::1/-/5ms GET /] nodejs.Error: Please set config.keys first
    at Application.get keys [as keys] (/Users/shengli/shengli/study/examples/debug-egg/node_modules/egg/lib/application.js:257:15)
    at Object.get cookies [as cookies] (/Users/shengli/shengli/study/examples/debug-egg/node_modules/egg/app/extend/context.js:22:66)
    at Object.get [egg-security#CSRF_SECRET] (/Users/shengli/shengli/study/examples/debug-egg/node_modules/egg-security/app/extend/context.js:86:33)
    at Object.ensureCsrfSecret (/Users/shengli/shengli/study/examples/debug-egg/node_modules/egg-security/app/extend/context.js:97:13)
    at csrf (/Users/shengli/shengli/study/examples/debug-egg/node_modules/egg-security/lib/middlewares/csrf.js:14:9)
    at dispatch (/Users/shengli/shengli/study/examples/debug-egg/node_modules/egg-security/node_modules/koa-compose/index.js:42:32)
    at /Users/shengli/shengli/study/examples/debug-egg/node_modules/egg-security/node_modules/koa-compose/index.js:34:12
    at dispatch (/Users/shengli/shengli/study/examples/debug-egg/node_modules/koa/node_modules/koa-compose/index.js:42:32)
    at session (/Users/shengli/shengli/study/examples/debug-egg/node_modules/koa-session/index.js:41:13)
    at dispatch (/Users/shengli/shengli/study/examples/debug-egg/node_modules/koa/node_modules/koa-compose/index.js:42:32)

pid: 6571
hostname: ZhangShenglideMacBook-Pro.local

2019-04-14 10:50:22,173 ERROR 6593 [-/::1/-/5ms GET /] nodejs.Error: Please set config.keys first
    at Application.get keys [as keys] (/Users/shengli/shengli/study/examples/debug-egg/node_modules/egg/lib/application.js:257:15)
    at Object.get cookies [as cookies] (/Users/shengli/shengli/study/examples/debug-egg/node_modules/egg/app/extend/context.js:22:66)
    at Object.get [egg-security#CSRF_SECRET] (/Users/shengli/shengli/study/examples/debug-egg/node_modules/egg-security/app/extend/context.js:86:33)
    at Object.ensureCsrfSecret (/Users/shengli/shengli/study/examples/debug-egg/node_modules/egg-security/app/extend/context.js:97:13)
    at csrf (/Users/shengli/shengli/study/examples/debug-egg/node_modules/egg-security/lib/middlewares/csrf.js:14:9)
    at dispatch (/Users/shengli/shengli/study/examples/debug-egg/node_modules/egg-security/node_modules/koa-compose/index.js:42:32)
    at /Users/shengli/shengli/study/examples/debug-egg/node_modules/egg-security/node_modules/koa-compose/index.js:34:12
    at dispatch (/Users/shengli/shengli/study/examples/debug-egg/node_modules/koa/node_modules/koa-compose/index.js:42:32)
    at session (/Users/shengli/shengli/study/examples/debug-egg/node_modules/koa-session/index.js:41:13)
    at dispatch (/Users/shengli/shengli/study/examples/debug-egg/node_modules/koa/node_modules/koa-compose/index.js:42:32)

pid: 6593
hostname: ZhangShenglideMacBook-Pro.local

2019-04-14 10:50:48,689 ERROR 6640 [-/::1/-/5ms GET /] nodejs.TypeError: this.config.keys.split is not a function
    at Application.get keys [as keys] (/Users/shengli/shengli/study/examples/debug-egg/node_modules/egg/lib/application.js:260:37)
    at Object.get cookies [as cookies] (/Users/shengli/shengli/study/examples/debug-egg/node_modules/egg/app/extend/context.js:22:66)
    at Object.get [egg-security#CSRF_SECRET] (/Users/shengli/shengli/study/examples/debug-egg/node_modules/egg-security/app/extend/context.js:86:33)
    at Object.ensureCsrfSecret (/Users/shengli/shengli/study/examples/debug-egg/node_modules/egg-security/app/extend/context.js:97:13)
    at csrf (/Users/shengli/shengli/study/examples/debug-egg/node_modules/egg-security/lib/middlewares/csrf.js:14:9)
    at dispatch (/Users/shengli/shengli/study/examples/debug-egg/node_modules/egg-security/node_modules/koa-compose/index.js:42:32)
    at /Users/shengli/shengli/study/examples/debug-egg/node_modules/egg-security/node_modules/koa-compose/index.js:34:12
    at dispatch (/Users/shengli/shengli/study/examples/debug-egg/node_modules/koa/node_modules/koa-compose/index.js:42:32)
    at session (/Users/shengli/shengli/study/examples/debug-egg/node_modules/koa-session/index.js:41:13)
    at dispatch (/Users/shengli/shengli/study/examples/debug-egg/node_modules/koa/node_modules/koa-compose/index.js:42:32)

pid: 6640
hostname: ZhangShenglideMacBook-Pro.local

2019-04-14 10:50:49,776 ERROR 6640 [-/::1/-/0ms GET /] nodejs.TypeError: this.config.keys.split is not a function
    at Application.get keys [as keys] (/Users/shengli/shengli/study/examples/debug-egg/node_modules/egg/lib/application.js:260:37)
    at Object.get cookies [as cookies] (/Users/shengli/shengli/study/examples/debug-egg/node_modules/egg/app/extend/context.js:22:66)
    at Object.get [egg-security#CSRF_SECRET] (/Users/shengli/shengli/study/examples/debug-egg/node_modules/egg-security/app/extend/context.js:86:33)
    at Object.ensureCsrfSecret (/Users/shengli/shengli/study/examples/debug-egg/node_modules/egg-security/app/extend/context.js:97:13)
    at csrf (/Users/shengli/shengli/study/examples/debug-egg/node_modules/egg-security/lib/middlewares/csrf.js:14:9)
    at dispatch (/Users/shengli/shengli/study/examples/debug-egg/node_modules/egg-security/node_modules/koa-compose/index.js:42:32)
    at /Users/shengli/shengli/study/examples/debug-egg/node_modules/egg-security/node_modules/koa-compose/index.js:34:12
    at dispatch (/Users/shengli/shengli/study/examples/debug-egg/node_modules/koa/node_modules/koa-compose/index.js:42:32)
    at session (/Users/shengli/shengli/study/examples/debug-egg/node_modules/koa-session/index.js:41:13)
    at dispatch (/Users/shengli/shengli/study/examples/debug-egg/node_modules/koa/node_modules/koa-compose/index.js:42:32)

pid: 6640
hostname: ZhangShenglideMacBook-Pro.local

2019-04-14 10:50:50,122 ERROR 6640 [-/::1/-/0ms GET /] nodejs.TypeError: this.config.keys.split is not a function
    at Application.get keys [as keys] (/Users/shengli/shengli/study/examples/debug-egg/node_modules/egg/lib/application.js:260:37)
    at Object.get cookies [as cookies] (/Users/shengli/shengli/study/examples/debug-egg/node_modules/egg/app/extend/context.js:22:66)
    at Object.get [egg-security#CSRF_SECRET] (/Users/shengli/shengli/study/examples/debug-egg/node_modules/egg-security/app/extend/context.js:86:33)
    at Object.ensureCsrfSecret (/Users/shengli/shengli/study/examples/debug-egg/node_modules/egg-security/app/extend/context.js:97:13)
    at csrf (/Users/shengli/shengli/study/examples/debug-egg/node_modules/egg-security/lib/middlewares/csrf.js:14:9)
    at dispatch (/Users/shengli/shengli/study/examples/debug-egg/node_modules/egg-security/node_modules/koa-compose/index.js:42:32)
    at /Users/shengli/shengli/study/examples/debug-egg/node_modules/egg-security/node_modules/koa-compose/index.js:34:12
    at dispatch (/Users/shengli/shengli/study/examples/debug-egg/node_modules/koa/node_modules/koa-compose/index.js:42:32)
    at session (/Users/shengli/shengli/study/examples/debug-egg/node_modules/koa-session/index.js:41:13)
    at dispatch (/Users/shengli/shengli/study/examples/debug-egg/node_modules/koa/node_modules/koa-compose/index.js:42:32)

pid: 6640
hostname: ZhangShenglideMacBook-Pro.local

2019-04-14 10:50:50,392 ERROR 6640 [-/::1/-/1ms GET /] nodejs.TypeError: this.config.keys.split is not a function
    at Application.get keys [as keys] (/Users/shengli/shengli/study/examples/debug-egg/node_modules/egg/lib/application.js:260:37)
    at Object.get cookies [as cookies] (/Users/shengli/shengli/study/examples/debug-egg/node_modules/egg/app/extend/context.js:22:66)
    at Object.get [egg-security#CSRF_SECRET] (/Users/shengli/shengli/study/examples/debug-egg/node_modules/egg-security/app/extend/context.js:86:33)
    at Object.ensureCsrfSecret (/Users/shengli/shengli/study/examples/debug-egg/node_modules/egg-security/app/extend/context.js:97:13)
    at csrf (/Users/shengli/shengli/study/examples/debug-egg/node_modules/egg-security/lib/middlewares/csrf.js:14:9)
    at dispatch (/Users/shengli/shengli/study/examples/debug-egg/node_modules/egg-security/node_modules/koa-compose/index.js:42:32)
    at /Users/shengli/shengli/study/examples/debug-egg/node_modules/egg-security/node_modules/koa-compose/index.js:34:12
    at dispatch (/Users/shengli/shengli/study/examples/debug-egg/node_modules/koa/node_modules/koa-compose/index.js:42:32)
    at session (/Users/shengli/shengli/study/examples/debug-egg/node_modules/koa-session/index.js:41:13)
    at dispatch (/Users/shengli/shengli/study/examples/debug-egg/node_modules/koa/node_modules/koa-compose/index.js:42:32)

pid: 6640
hostname: ZhangShenglideMacBook-Pro.local

2019-04-14 11:00:33,007 ERROR 7806 nodejs.ClusterClientNoResponseError: client no response in 79130ms exceeding maxIdleTime 60000ms, maybe the connection is close on other side.
    at Timeout.Leader._heartbeatTimer.setInterval [as _onTimeout] (/Users/shengli/shengli/study/examples/debug-egg/node_modules/cluster-client/lib/leader.js:77:23)
    at ontimeout (timers.js:475:11)
    at tryOnTimeout (timers.js:310:5)
    at Timer.listOnTimeout (timers.js:270:5)
name: "ClusterClientNoResponseError"
pid: 7806
hostname: ZhangShenglideMacBook-Pro.local

2019-04-14 19:22:40,412 ERROR 19743 nodejs.ClusterClientNoResponseError: client no response in 1815837ms exceeding maxIdleTime 60000ms, maybe the connection is close on other side.
    at Timeout.Leader._heartbeatTimer.setInterval [as _onTimeout] (/Users/shengli/shengli/study/examples/debug-egg/node_modules/cluster-client/lib/leader.js:77:23)
    at ontimeout (timers.js:475:11)
    at tryOnTimeout (timers.js:310:5)
    at Timer.listOnTimeout (timers.js:270:5)
name: "ClusterClientNoResponseError"
pid: 19743
hostname: ZhangShenglideMacBook-Pro.local

2019-04-14 21:23:51,110 ERROR 19743 nodejs.ClusterClientNoResponseError: client no response in 3830866ms exceeding maxIdleTime 60000ms, maybe the connection is close on other side.
    at Timeout.Leader._heartbeatTimer.setInterval [as _onTimeout] (/Users/shengli/shengli/study/examples/debug-egg/node_modules/cluster-client/lib/leader.js:77:23)
    at ontimeout (timers.js:475:11)
    at tryOnTimeout (timers.js:310:5)
    at Timer.listOnTimeout (timers.js:270:5)
name: "ClusterClientNoResponseError"
pid: 19743
hostname: ZhangShenglideMacBook-Pro.local

2019-04-14 21:35:50,519 ERROR 19743 nodejs.ClusterClientNoResponseError: client no response in 699063ms exceeding maxIdleTime 60000ms, maybe the connection is close on other side.
    at Timeout.Leader._heartbeatTimer.setInterval [as _onTimeout] (/Users/shengli/shengli/study/examples/debug-egg/node_modules/cluster-client/lib/leader.js:77:23)
    at ontimeout (timers.js:475:11)
    at tryOnTimeout (timers.js:310:5)
    at Timer.listOnTimeout (timers.js:270:5)
name: "ClusterClientNoResponseError"
pid: 19743
hostname: ZhangShenglideMacBook-Pro.local

2019-04-15 00:10:10,873 ERROR 19743 nodejs.ClusterClientNoResponseError: client no response in 4159641ms exceeding maxIdleTime 60000ms, maybe the connection is close on other side.
    at Timeout.Leader._heartbeatTimer.setInterval [as _onTimeout] (/Users/shengli/shengli/study/examples/debug-egg/node_modules/cluster-client/lib/leader.js:77:23)
    at ontimeout (timers.js:475:11)
    at tryOnTimeout (timers.js:310:5)
    at Timer.listOnTimeout (timers.js:270:5)
name: "ClusterClientNoResponseError"
pid: 19743
hostname: ZhangShenglideMacBook-Pro.local

2019-04-15 02:03:15,618 ERROR 19743 nodejs.ClusterClientNoResponseError: client no response in 6784543ms exceeding maxIdleTime 60000ms, maybe the connection is close on other side.
    at Timeout.Leader._heartbeatTimer.setInterval [as _onTimeout] (/Users/shengli/shengli/study/examples/debug-egg/node_modules/cluster-client/lib/leader.js:77:23)
    at ontimeout (timers.js:475:11)
    at tryOnTimeout (timers.js:310:5)
    at Timer.listOnTimeout (timers.js:270:5)
name: "ClusterClientNoResponseError"
pid: 19743
hostname: ZhangShenglideMacBook-Pro.local

2019-04-15 03:51:21,389 ERROR 19743 nodejs.ClusterClientNoResponseError: client no response in 6485676ms exceeding maxIdleTime 60000ms, maybe the connection is close on other side.
    at Timeout.Leader._heartbeatTimer.setInterval [as _onTimeout] (/Users/shengli/shengli/study/examples/debug-egg/node_modules/cluster-client/lib/leader.js:77:23)
    at ontimeout (timers.js:475:11)
    at tryOnTimeout (timers.js:310:5)
    at Timer.listOnTimeout (timers.js:270:5)
name: "ClusterClientNoResponseError"
pid: 19743
hostname: ZhangShenglideMacBook-Pro.local

2019-04-15 05:39:28,620 ERROR 19743 nodejs.ClusterClientNoResponseError: client no response in 6487208ms exceeding maxIdleTime 60000ms, maybe the connection is close on other side.
    at Timeout.Leader._heartbeatTimer.setInterval [as _onTimeout] (/Users/shengli/shengli/study/examples/debug-egg/node_modules/cluster-client/lib/leader.js:77:23)
    at ontimeout (timers.js:475:11)
    at tryOnTimeout (timers.js:310:5)
    at Timer.listOnTimeout (timers.js:270:5)
name: "ClusterClientNoResponseError"
pid: 19743
hostname: ZhangShenglideMacBook-Pro.local

2019-04-15 07:33:07,023 ERROR 19743 nodejs.ClusterClientNoResponseError: client no response in 6818380ms exceeding maxIdleTime 60000ms, maybe the connection is close on other side.
    at Timeout.Leader._heartbeatTimer.setInterval [as _onTimeout] (/Users/shengli/shengli/study/examples/debug-egg/node_modules/cluster-client/lib/leader.js:77:23)
    at ontimeout (timers.js:475:11)
    at tryOnTimeout (timers.js:310:5)
    at Timer.listOnTimeout (timers.js:270:5)
name: "ClusterClientNoResponseError"
pid: 19743
hostname: ZhangShenglideMacBook-Pro.local

2019-04-15 08:43:49,265 ERROR 19743 nodejs.ClusterClientNoResponseError: client no response in 4202144ms exceeding maxIdleTime 60000ms, maybe the connection is close on other side.
    at Timeout.Leader._heartbeatTimer.setInterval [as _onTimeout] (/Users/shengli/shengli/study/examples/debug-egg/node_modules/cluster-client/lib/leader.js:77:23)
    at ontimeout (timers.js:475:11)
    at tryOnTimeout (timers.js:310:5)
    at Timer.listOnTimeout (timers.js:270:5)
name: "ClusterClientNoResponseError"
pid: 19743
hostname: ZhangShenglideMacBook-Pro.local

2019-04-15 08:51:17,199 ERROR 19743 nodejs.ClusterClientNoResponseError: client no response in 427304ms exceeding maxIdleTime 60000ms, maybe the connection is close on other side.
    at Timeout.Leader._heartbeatTimer.setInterval [as _onTimeout] (/Users/shengli/shengli/study/examples/debug-egg/node_modules/cluster-client/lib/leader.js:77:23)
    at ontimeout (timers.js:475:11)
    at tryOnTimeout (timers.js:310:5)
    at Timer.listOnTimeout (timers.js:270:5)
name: "ClusterClientNoResponseError"
pid: 19743
hostname: ZhangShenglideMacBook-Pro.local

2019-04-15 08:56:26,840 ERROR 19743 nodejs.ClusterClientNoResponseError: client no response in 151549ms exceeding maxIdleTime 60000ms, maybe the connection is close on other side.
    at Timeout.Leader._heartbeatTimer.setInterval [as _onTimeout] (/Users/shengli/shengli/study/examples/debug-egg/node_modules/cluster-client/lib/leader.js:77:23)
    at ontimeout (timers.js:475:11)
    at tryOnTimeout (timers.js:310:5)
    at Timer.listOnTimeout (timers.js:270:5)
name: "ClusterClientNoResponseError"
pid: 19743
hostname: ZhangShenglideMacBook-Pro.local

